SF:lib/model/ws.dart
DA:16,2
DA:18,1
DA:19,1
DA:20,1
DA:21,1
DA:22,1
DA:23,1
DA:24,1
DA:25,1
DA:26,1
DA:27,1
DA:28,1
DA:29,1
DA:30,1
DA:31,2
DA:32,2
DA:36,1
DA:37,1
DA:38,1
DA:39,1
DA:40,1
DA:41,1
DA:42,1
DA:43,1
DA:44,1
DA:45,1
DA:46,1
DA:47,1
DA:48,1
DA:49,2
DA:50,2
LF:31
LH:31
end_of_record
SF:lib/model/apis/ws_api.dart
DA:8,5
DA:12,1
DA:14,1
DA:15,4
DA:16,3
DA:18,2
DA:19,0
DA:22,2
DA:23,0
DA:26,2
DA:28,1
DA:29,0
DA:30,1
DA:32,1
DA:33,3
DA:34,1
DA:36,0
DA:40,1
DA:41,4
DA:42,1
DA:46,3
DA:48,2
DA:49,1
DA:51,0
DA:52,0
DA:55,0
DA:59,1
DA:62,4
DA:63,1
DA:66,3
DA:68,2
DA:70,2
DA:71,2
DA:72,0
DA:73,0
DA:75,0
DA:78,0
DA:80,0
DA:84,1
DA:85,4
DA:86,1
DA:89,2
LF:42
LH:30
end_of_record
SF:lib/model/apis/custom_exception.dart
DA:5,1
DA:7,0
DA:8,0
LF:3
LH:1
end_of_record
SF:lib/model/tag.dart
DA:11,2
DA:13,2
DA:14,2
DA:15,2
DA:16,2
DA:17,2
DA:18,2
DA:19,4
DA:20,4
DA:24,0
DA:25,0
DA:26,0
DA:27,0
DA:28,0
DA:29,0
DA:30,0
DA:31,0
LF:17
LH:9
end_of_record
SF:lib/model/apis/tag_api.dart
DA:6,5
DA:10,1
DA:12,0
DA:13,0
DA:15,0
DA:16,0
DA:18,0
DA:19,0
DA:20,0
DA:22,0
DA:23,0
DA:25,0
DA:28,0
DA:32,1
DA:33,1
DA:34,5
DA:36,2
DA:37,2
DA:39,1
DA:40,0
DA:41,1
DA:43,4
DA:44,1
DA:46,0
DA:49,3
DA:53,1
DA:55,6
DA:57,2
DA:58,2
DA:60,1
DA:61,0
DA:62,1
DA:64,4
DA:65,1
DA:67,0
DA:70,3
DA:74,1
DA:75,3
DA:76,1
DA:79,3
DA:81,2
DA:82,3
DA:85,3
DA:86,1
DA:89,2
DA:90,2
DA:94,1
DA:95,4
DA:96,1
DA:99,3
DA:101,2
DA:102,1
DA:104,3
DA:105,1
DA:108,2
DA:109,2
DA:113,1
DA:114,4
DA:115,1
DA:117,2
DA:119,2
DA:120,1
DA:122,0
DA:123,0
DA:126,0
DA:127,0
LF:66
LH:47
end_of_record
SF:lib/model/apis/journal_api.dart
DA:7,5
DA:11,1
DA:13,0
DA:14,0
DA:16,0
DA:18,0
DA:20,0
DA:21,0
DA:22,0
DA:24,0
DA:27,0
DA:29,0
DA:33,1
DA:35,6
DA:37,2
DA:39,2
DA:41,4
DA:42,0
DA:43,0
DA:45,0
DA:48,0
DA:50,0
DA:54,1
DA:56,4
DA:57,1
DA:58,3
DA:59,3
DA:60,3
DA:61,3
DA:62,2
DA:63,2
DA:65,0
DA:66,0
DA:67,0
DA:70,2
DA:72,2
DA:73,1
DA:75,1
DA:76,2
DA:77,5
DA:78,1
DA:80,1
DA:83,2
DA:87,1
DA:89,4
DA:90,1
DA:91,2
DA:92,2
DA:93,2
DA:96,3
DA:97,3
DA:98,3
DA:99,3
DA:100,3
DA:101,2
DA:102,2
DA:104,1
DA:105,1
DA:106,0
DA:108,0
DA:109,0
DA:110,0
DA:111,0
DA:113,0
DA:116,0
DA:120,1
DA:121,1
DA:123,2
DA:124,2
DA:125,2
DA:126,2
DA:127,1
DA:129,1
DA:130,2
DA:131,5
DA:132,1
DA:134,2
DA:135,2
DA:137,1
DA:140,2
DA:142,1
DA:145,1
DA:146,4
DA:147,2
DA:149,2
DA:150,1
DA:152,0
DA:153,0
LF:88
LH:61
end_of_record
SF:lib/model/journal.dart
DA:12,2
DA:14,1
DA:15,1
DA:16,1
DA:17,1
DA:18,1
DA:19,1
DA:20,1
DA:21,1
DA:22,1
DA:23,2
DA:24,2
DA:28,0
DA:29,0
DA:30,0
DA:31,0
DA:32,0
DA:33,0
DA:34,0
DA:35,0
DA:36,0
DA:37,0
DA:38,0
LF:23
LH:12
end_of_record
SF:lib/model/plant.dart
DA:24,2
DA:26,1
DA:27,1
DA:28,1
DA:29,1
DA:30,1
DA:31,1
DA:32,1
DA:33,1
DA:34,1
DA:35,1
DA:36,1
DA:37,1
DA:38,1
DA:39,1
DA:40,2
DA:41,2
DA:45,1
DA:46,1
DA:47,1
DA:48,1
DA:49,1
DA:50,1
DA:51,1
DA:52,1
DA:53,1
DA:54,1
DA:55,1
DA:56,1
DA:57,1
DA:58,1
DA:59,2
DA:60,2
LF:33
LH:33
end_of_record
SF:lib/model/account.dart
DA:7,2
DA:9,1
DA:11,0
DA:13,1
DA:14,1
DA:15,1
DA:16,4
DA:17,4
DA:21,1
DA:22,1
DA:23,1
DA:24,1
DA:25,2
DA:26,2
LF:14
LH:13
end_of_record
SF:lib/model/apis/account_api.dart
DA:8,9
DA:12,2
DA:14,1
DA:15,4
DA:16,3
DA:18,2
DA:19,1
DA:21,2
DA:22,0
DA:25,2
DA:27,1
DA:28,0
DA:29,1
DA:31,1
DA:32,3
DA:33,1
DA:35,0
DA:39,2
DA:40,4
DA:41,1
DA:42,2
DA:44,2
DA:45,1
DA:47,2
DA:48,1
DA:49,3
DA:51,0
DA:52,0
DA:55,0
DA:56,0
DA:60,1
DA:61,4
DA:62,1
DA:64,2
DA:66,2
DA:67,1
DA:69,0
DA:70,0
LF:38
LH:29
end_of_record
SF:lib/provider/garden_provider.dart
DA:9,1
DA:11,1
DA:13,3
DA:14,1
DA:15,1
DA:17,0
DA:18,0
DA:22,1
DA:23,2
DA:24,1
DA:27,1
DA:28,2
DA:30,1
DA:31,1
DA:32,0
DA:34,0
DA:35,0
DA:40,1
DA:41,2
DA:42,1
LF:20
LH:15
end_of_record
SF:lib/model/garden.dart
DA:13,2
DA:15,1
DA:16,1
DA:17,1
DA:18,1
DA:19,1
DA:20,1
DA:21,2
DA:22,2
DA:23,1
DA:27,1
DA:28,1
DA:29,1
DA:30,1
DA:31,1
DA:32,1
DA:33,2
DA:34,2
DA:35,1
DA:39,0
DA:40,0
DA:43,0
DA:44,0
LF:23
LH:19
end_of_record
SF:lib/model/apis/garden_api.dart
DA:7,5
DA:11,1
DA:13,1
DA:15,6
DA:17,2
DA:19,2
DA:21,4
DA:22,0
DA:23,0
DA:24,0
DA:27,3
DA:28,3
DA:40,1
DA:41,3
DA:42,1
DA:48,3
DA:50,2
DA:51,1
DA:53,0
DA:54,0
DA:57,0
DA:62,1
DA:64,4
DA:65,1
DA:68,3
DA:70,2
DA:72,2
DA:74,4
DA:75,0
DA:76,0
DA:78,0
DA:81,0
DA:83,0
DA:87,1
DA:88,4
DA:89,1
DA:91,2
DA:93,2
DA:94,1
DA:96,0
DA:97,0
LF:41
LH:28
end_of_record
SF:lib/model/apis/plant_api.dart
DA:7,5
DA:11,1
DA:13,0
DA:14,0
DA:15,0
DA:16,0
DA:19,1
DA:20,6
DA:22,2
DA:24,2
DA:26,4
DA:27,0
DA:28,0
DA:30,0
DA:33,0
DA:35,0
DA:39,0
DA:41,0
DA:43,0
DA:45,0
DA:46,0
DA:47,0
DA:48,0
DA:49,0
DA:52,0
DA:53,0
DA:57,1
DA:59,4
DA:60,1
DA:62,2
DA:63,0
DA:65,2
DA:66,0
DA:69,1
DA:70,0
DA:72,1
DA:73,0
DA:74,0
DA:77,2
DA:80,3
DA:82,2
DA:83,1
DA:85,0
DA:86,0
DA:89,0
DA:93,1
DA:94,5
DA:95,1
DA:97,1
DA:98,0
DA:100,1
DA:101,0
DA:102,0
DA:107,3
DA:109,2
DA:110,1
DA:112,0
DA:113,0
DA:116,0
DA:120,1
DA:121,4
DA:122,1
DA:125,2
DA:127,2
DA:128,1
DA:130,0
DA:131,0
DA:134,0
LF:68
LH:32
end_of_record
SF:lib/model/apis/csrf.dart
DA:8,0
DA:9,0
DA:11,0
DA:12,0
DA:13,0
DA:14,0
DA:16,0
DA:20,0
LF:8
LH:0
end_of_record
SF:lib/components/garden_card.dart
DA:13,0
DA:21,0
DA:23,0
DA:24,0
DA:26,0
DA:27,0
DA:28,0
DA:30,0
DA:31,0
DA:32,0
DA:33,0
DA:36,0
DA:37,0
DA:38,0
DA:41,0
DA:43,0
DA:44,0
DA:45,0
DA:46,0
DA:48,0
DA:49,0
DA:50,0
DA:53,0
DA:55,0
DA:56,0
DA:59,0
DA:65,0
DA:67,0
LF:28
LH:0
end_of_record
SF:lib/model/users_account.dart
DA:8,3
DA:10,1
DA:11,1
DA:12,1
DA:13,1
DA:14,1
DA:15,2
DA:16,2
DA:20,2
DA:21,2
DA:22,2
DA:23,2
DA:24,2
DA:25,4
DA:26,4
LF:15
LH:15
end_of_record
SF:lib/view/garden_detail.dart
DA:20,0
DA:21,0
DA:41,0
DA:43,0
DA:44,0
DA:46,0
DA:47,0
DA:49,0
DA:50,0
DA:51,0
DA:52,0
DA:53,0
DA:54,0
DA:59,0
DA:60,0
DA:61,0
DA:62,0
DA:64,0
DA:65,0
DA:67,0
DA:68,0
DA:69,0
DA:70,0
DA:71,0
DA:74,0
DA:75,0
DA:76,0
DA:79,0
DA:81,0
DA:82,0
DA:83,0
DA:91,0
DA:92,0
DA:93,0
DA:94,0
DA:95,0
DA:96,0
DA:97,0
DA:98,0
DA:99,0
DA:100,0
DA:102,0
DA:103,0
DA:104,0
DA:105,0
DA:106,0
DA:107,0
DA:109,0
DA:110,0
DA:115,0
DA:119,0
DA:121,0
DA:122,0
DA:124,0
DA:126,0
DA:127,0
DA:128,0
DA:129,0
DA:132,0
DA:135,0
DA:137,0
DA:138,0
DA:139,0
DA:140,0
DA:141,0
DA:143,0
DA:146,0
DA:148,0
DA:149,0
DA:150,0
DA:152,0
DA:153,0
DA:154,0
DA:157,0
LF:74
LH:0
end_of_record
SF:lib/components/plant_card.dart
DA:12,0
DA:20,0
DA:22,0
DA:23,0
DA:25,0
DA:26,0
DA:27,0
DA:29,0
DA:30,0
DA:31,0
DA:32,0
DA:35,0
DA:36,0
DA:37,0
DA:40,0
DA:42,0
DA:43,0
DA:44,0
DA:45,0
DA:47,0
DA:48,0
DA:51,0
DA:53,0
DA:54,0
DA:57,0
DA:63,0
DA:64,0
DA:65,0
DA:66,0
DA:67,0
DA:69,0
DA:71,0
LF:32
LH:0
end_of_record
SF:lib/view/plant_detail.dart
DA:34,0
DA:36,0
DA:37,0
DA:39,0
DA:40,0
DA:41,0
DA:42,0
DA:43,0
DA:44,0
DA:46,0
DA:51,0
DA:55,0
DA:58,0
DA:59,0
DA:62,0
DA:64,0
DA:66,0
DA:67,0
DA:68,0
DA:69,0
DA:70,0
DA:72,0
DA:73,0
DA:74,0
DA:75,0
DA:76,0
DA:77,0
DA:82,0
DA:83,0
DA:84,0
DA:85,0
DA:88,0
DA:89,0
DA:90,0
DA:91,0
DA:94,0
DA:95,0
DA:96,0
DA:99,0
DA:101,0
DA:102,0
DA:103,0
DA:106,0
DA:112,0
DA:113,0
DA:121,0
DA:122,0
DA:123,0
DA:124,0
DA:125,0
DA:126,0
DA:127,0
DA:128,0
DA:130,0
DA:132,0
DA:133,0
DA:134,0
DA:136,0
DA:138,0
DA:139,0
DA:140,0
DA:143,0
DA:145,0
DA:146,0
DA:147,0
DA:150,0
DA:151,0
DA:152,0
DA:155,0
DA:157,0
DA:158,0
DA:159,0
DA:160,0
DA:161,0
DA:163,0
DA:164,0
DA:165,0
DA:170,0
DA:171,0
DA:172,0
DA:173,0
DA:174,0
DA:181,0
DA:182,0
DA:193,0
DA:195,0
DA:196,0
DA:199,0
DA:200,0
DA:206,0
DA:210,0
DA:211,0
DA:212,0
DA:213,0
DA:214,0
DA:215,0
DA:216,0
DA:217,0
DA:219,0
DA:221,0
DA:223,0
DA:224,0
DA:226,0
DA:227,0
DA:228,0
DA:229,0
DA:232,0
DA:233,0
DA:234,0
DA:235,0
DA:238,0
DA:239,0
DA:240,0
DA:243,0
DA:245,0
DA:246,0
DA:247,0
DA:249,0
DA:250,0
DA:251,0
DA:252,0
DA:256,0
DA:257,0
DA:258,0
DA:259,0
DA:260,0
DA:272,0
DA:276,0
DA:277,0
DA:278,0
DA:279,0
DA:280,0
DA:281,0
DA:282,0
DA:283,0
DA:284,0
DA:286,0
DA:287,0
DA:288,0
DA:289,0
DA:290,0
DA:291,0
DA:292,0
DA:298,0
DA:300,0
DA:304,0
DA:306,0
DA:307,0
DA:309,0
DA:312,0
DA:313,0
DA:314,0
DA:315,0
DA:316,0
DA:319,0
DA:320,0
DA:321,0
DA:324,0
DA:326,0
DA:329,0
DA:330,0
DA:331,0
DA:333,0
DA:334,0
DA:338,0
DA:339,0
DA:348,0
DA:352,0
DA:354,0
DA:355,0
DA:356,0
DA:358,0
DA:359,0
DA:363,0
DA:366,0
DA:368,0
DA:369,0
DA:371,0
DA:373,0
DA:374,0
DA:375,0
DA:377,0
DA:378,0
DA:379,0
DA:382,0
DA:384,0
DA:385,0
DA:389,0
DA:392,0
DA:394,0
DA:395,0
DA:396,0
DA:397,0
DA:398,0
DA:400,0
DA:403,0
DA:405,0
DA:406,0
DA:407,0
DA:409,0
DA:410,0
DA:411,0
DA:415,0
DA:418,0
DA:420,0
DA:421,0
DA:422,0
DA:424,0
DA:425,0
DA:429,0
DA:432,0
DA:434,0
DA:435,0
DA:443,0
LF:214
LH:0
end_of_record
SF:lib/model/apis/auth_api.dart
DA:6,5
DA:10,2
DA:12,1
DA:13,3
DA:14,1
DA:18,3
DA:20,3
DA:21,3
DA:23,0
DA:24,0
DA:27,0
DA:28,0
DA:32,1
DA:33,3
DA:34,1
DA:37,2
DA:38,2
DA:39,1
DA:41,0
DA:42,0
DA:45,0
DA:46,0
LF:22
LH:14
end_of_record
SF:lib/model/user.dart
DA:11,6
DA:13,3
DA:15,0
DA:17,3
DA:18,3
DA:19,3
DA:20,3
DA:21,3
DA:22,3
DA:23,3
DA:24,8
DA:25,8
DA:29,2
DA:30,2
DA:31,2
DA:32,2
DA:33,2
DA:34,2
DA:35,2
DA:36,2
DA:37,4
DA:38,4
LF:22
LH:21
end_of_record
SF:lib/model/apis/plants_tag_api.dart
DA:8,5
DA:12,1
DA:14,1
DA:15,4
DA:16,3
DA:18,2
DA:20,2
DA:21,2
DA:22,0
DA:25,2
DA:27,2
DA:29,4
DA:30,0
DA:31,0
DA:33,0
DA:36,0
DA:38,0
DA:42,1
DA:43,3
DA:44,1
DA:45,1
DA:47,1
DA:48,1
DA:49,1
DA:51,2
DA:52,1
LF:26
LH:20
end_of_record
SF:lib/model/plants_tag.dart
DA:8,2
DA:10,2
DA:11,2
DA:12,2
DA:13,2
DA:14,2
DA:15,4
DA:16,4
DA:20,1
DA:21,1
DA:22,1
DA:23,1
DA:24,1
DA:25,2
DA:26,2
LF:15
LH:15
end_of_record
SF:lib/model/apis/user_api.dart
DA:6,5
DA:10,2
DA:12,1
DA:13,3
DA:14,1
DA:15,2
DA:19,3
DA:20,3
DA:22,2
DA:23,1
DA:24,3
DA:26,3
DA:27,1
DA:30,2
DA:31,3
LF:15
LH:15
end_of_record
SF:lib/model/apis/users_account_api.dart
DA:8,5
DA:12,2
DA:14,1
DA:15,4
DA:16,3
DA:18,2
DA:20,0
DA:21,2
DA:22,0
DA:25,2
DA:27,2
DA:30,3
DA:31,1
DA:32,0
DA:33,0
DA:35,0
DA:38,0
DA:40,0
DA:44,1
DA:45,4
DA:46,3
DA:48,2
DA:49,0
DA:50,2
DA:51,0
DA:54,2
DA:56,2
DA:58,1
DA:59,0
DA:60,0
DA:62,0
DA:65,0
DA:67,0
DA:71,1
DA:73,3
DA:74,2
DA:75,1
DA:76,1
DA:78,1
DA:79,1
DA:80,1
DA:81,2
DA:82,1
DA:83,3
DA:85,0
DA:86,0
DA:89,0
DA:90,0
LF:48
LH:30
end_of_record
SF:lib/provider/account_provider.dart
DA:8,2
DA:10,2
DA:13,5
DA:14,1
DA:15,3
DA:16,1
DA:19,1
DA:20,2
DA:21,1
LF:9
LH:9
end_of_record
SF:lib/provider/auth_provider.dart
DA:8,2
DA:10,0
DA:12,0
DA:14,0
DA:16,0
DA:17,0
DA:18,0
DA:19,0
DA:21,0
DA:22,0
DA:26,1
DA:27,2
DA:28,2
DA:29,1
DA:32,1
DA:33,2
DA:34,1
DA:38,0
LF:18
LH:8
end_of_record
SF:lib/provider/journal_provider.dart
DA:9,1
DA:11,0
DA:13,0
DA:14,0
DA:15,0
DA:17,0
DA:18,0
DA:22,1
DA:24,3
DA:25,1
DA:26,1
DA:28,0
DA:29,0
DA:33,1
DA:35,2
DA:36,1
DA:39,1
DA:41,2
DA:42,1
DA:43,1
DA:46,1
DA:47,2
DA:48,1
DA:49,2
LF:24
LH:16
end_of_record
SF:lib/provider/plant_provider.dart
DA:9,1
DA:11,1
DA:13,3
DA:14,1
DA:15,1
DA:17,0
DA:18,0
DA:22,1
DA:23,2
DA:24,1
DA:28,1
DA:29,2
DA:30,1
DA:33,1
DA:34,2
DA:35,1
LF:16
LH:14
end_of_record
SF:lib/provider/plants_tag_provider.dart
DA:9,1
DA:11,1
DA:13,3
DA:14,1
DA:15,1
DA:17,1
DA:18,1
DA:21,1
DA:23,2
DA:24,1
DA:26,0
LF:11
LH:10
end_of_record
SF:lib/provider/tag_provider.dart
DA:13,1
DA:15,0
DA:17,0
DA:18,0
DA:19,0
DA:21,0
DA:22,0
DA:26,0
DA:28,0
DA:29,0
DA:30,0
DA:32,0
DA:33,0
DA:37,1
DA:39,2
DA:40,1
DA:41,1
DA:46,1
DA:51,1
DA:53,3
DA:54,1
DA:55,1
DA:57,1
DA:58,1
DA:62,1
DA:64,2
DA:65,1
DA:67,1
DA:68,1
DA:72,1
DA:74,2
DA:75,1
DA:77,1
DA:78,1
LF:34
LH:22
end_of_record
SF:lib/provider/user_provider.dart
DA:8,2
DA:10,1
DA:12,3
DA:13,1
DA:14,3
DA:15,1
DA:17,0
DA:18,0
LF:8
LH:6
end_of_record
SF:lib/provider/users_account_provider.dart
DA:9,1
DA:12,1
DA:14,3
DA:15,1
DA:16,1
DA:18,0
DA:19,0
DA:23,1
DA:25,3
DA:26,1
DA:27,1
DA:29,0
DA:30,0
DA:35,1
DA:37,3
DA:38,1
DA:39,1
DA:41,0
DA:42,0
LF:19
LH:13
end_of_record
SF:lib/provider/ws_provider.dart
DA:9,1
DA:12,1
DA:14,3
DA:15,1
DA:16,1
DA:18,0
DA:19,0
DA:23,1
DA:24,2
DA:25,1
DA:28,1
DA:30,2
DA:32,1
DA:33,0
DA:35,0
DA:36,0
DA:39,1
DA:42,1
DA:43,2
DA:44,1
LF:20
LH:15
end_of_record
SF:lib/view/account_create.dart
DA:15,2
DA:17,1
DA:18,1
DA:29,1
DA:31,1
DA:32,1
DA:33,1
DA:34,2
DA:36,1
DA:37,1
DA:38,1
DA:39,1
DA:44,1
DA:46,1
DA:48,1
DA:49,2
DA:50,1
DA:53,2
DA:54,1
DA:55,2
DA:56,1
DA:57,2
DA:60,1
DA:61,1
DA:62,2
DA:63,1
DA:66,3
DA:67,1
DA:69,1
DA:70,1
DA:71,2
DA:72,1
DA:73,1
DA:78,1
DA:81,1
DA:82,1
DA:83,1
DA:85,1
DA:86,1
DA:87,1
DA:88,1
DA:92,1
DA:93,2
DA:94,1
DA:96,2
DA:97,2
DA:101,1
DA:102,1
DA:103,1
DA:106,1
DA:107,1
DA:108,1
DA:111,1
DA:113,1
DA:114,1
DA:130,1
DA:133,2
DA:134,2
DA:135,5
DA:136,2
DA:137,1
DA:140,0
DA:141,0
DA:142,0
DA:143,0
DA:145,0
DA:147,0
DA:148,0
DA:152,0
DA:153,0
DA:155,0
DA:156,0
DA:157,0
DA:163,0
DA:166,0
DA:169,3
DA:170,3
LF:77
LH:63
end_of_record
SF:lib/view/garden_list.dart
DA:20,0
DA:21,0
DA:22,0
DA:27,0
DA:29,0
DA:30,0
DA:32,0
DA:33,0
DA:34,0
DA:38,0
DA:40,0
DA:41,0
DA:42,0
DA:46,0
DA:47,0
DA:48,0
DA:49,0
DA:54,0
DA:55,0
DA:56,0
DA:57,0
DA:58,0
DA:59,0
DA:60,0
DA:61,0
DA:62,0
DA:63,0
DA:64,0
DA:65,0
DA:68,0
DA:70,0
DA:71,0
DA:76,0
DA:80,0
DA:86,0
DA:88,0
DA:89,0
DA:91,0
DA:92,0
DA:93,0
DA:94,0
DA:95,0
DA:96,0
DA:99,0
DA:100,0
DA:104,0
DA:106,0
DA:107,0
DA:108,0
DA:109,0
DA:110,0
DA:111,0
DA:112,0
DA:116,0
DA:117,0
DA:121,0
DA:123,0
DA:124,0
DA:125,0
DA:126,0
DA:127,0
DA:128,0
DA:132,0
DA:133,0
LF:64
LH:0
end_of_record
SF:lib/view/auth_landing.dart
DA:12,2
DA:14,1
DA:15,1
DA:19,1
DA:21,1
DA:22,1
DA:23,1
DA:24,1
DA:25,1
DA:26,1
DA:27,1
DA:28,1
DA:34,1
DA:35,1
DA:37,1
DA:39,1
DA:40,1
DA:41,1
DA:43,1
DA:44,1
DA:45,1
DA:46,1
DA:50,1
DA:51,3
DA:52,1
DA:54,1
DA:55,1
DA:56,1
DA:59,1
DA:60,1
DA:61,1
DA:64,1
DA:66,1
DA:67,1
DA:78,1
DA:79,1
DA:80,1
DA:82,1
DA:83,1
DA:84,1
DA:85,1
DA:89,1
DA:90,3
DA:91,1
DA:92,1
DA:94,1
DA:95,1
DA:96,1
DA:99,1
DA:100,1
DA:101,1
DA:104,1
DA:106,1
DA:107,1
LF:54
LH:54
end_of_record
SF:lib/view/user_create.dart
DA:11,17
DA:13,1
DA:14,1
DA:24,1
DA:26,1
DA:27,1
DA:28,1
DA:29,2
DA:31,1
DA:32,1
DA:33,1
DA:34,1
DA:39,1
DA:41,1
DA:42,1
DA:43,1
DA:44,1
DA:48,1
DA:51,2
DA:52,1
DA:53,2
DA:54,1
DA:55,2
DA:58,1
DA:61,1
DA:62,1
DA:63,1
DA:67,1
DA:70,2
DA:71,1
DA:72,2
DA:73,1
DA:74,2
DA:77,1
DA:80,1
DA:81,1
DA:82,1
DA:86,1
DA:89,2
DA:90,1
DA:91,2
DA:92,1
DA:93,2
DA:96,1
DA:99,1
DA:100,1
DA:101,1
DA:105,1
DA:108,2
DA:109,1
DA:110,2
DA:111,1
DA:112,2
DA:115,1
DA:118,1
DA:119,1
DA:120,1
DA:124,1
DA:127,2
DA:128,1
DA:129,2
DA:130,1
DA:131,2
DA:134,1
DA:137,1
DA:138,1
DA:139,1
DA:141,1
DA:142,1
DA:143,1
DA:144,1
DA:148,0
DA:149,0
DA:150,0
DA:151,0
DA:152,0
DA:153,0
DA:154,0
DA:156,0
DA:157,0
DA:161,1
DA:162,1
DA:163,1
DA:166,1
DA:167,1
DA:168,1
DA:171,1
DA:173,1
DA:174,1
DA:190,0
DA:192,0
DA:193,0
DA:194,0
DA:195,0
DA:196,0
DA:197,0
DA:198,0
DA:200,0
DA:201,0
DA:203,0
DA:204,0
DA:205,0
DA:206,0
DA:207,0
DA:211,0
DA:212,0
DA:213,0
DA:218,1
DA:220,2
DA:221,2
DA:222,2
DA:223,2
DA:224,2
DA:225,1
LF:114
LH:87
end_of_record
SF:lib/view/auth_login.dart
DA:13,19
DA:15,2
DA:16,2
DA:24,2
DA:26,2
DA:27,2
DA:28,2
DA:29,4
DA:31,2
DA:32,2
DA:33,2
DA:34,2
DA:39,2
DA:41,2
DA:42,2
DA:43,2
DA:44,2
DA:48,2
DA:51,4
DA:52,2
DA:53,4
DA:54,2
DA:55,4
DA:58,2
DA:61,2
DA:62,2
DA:63,2
DA:67,2
DA:70,4
DA:71,2
DA:72,4
DA:73,2
DA:74,4
DA:77,2
DA:80,2
DA:81,2
DA:82,2
DA:84,2
DA:85,2
DA:86,2
DA:87,2
DA:91,1
DA:92,3
DA:93,3
DA:94,1
DA:96,2
DA:97,2
DA:101,2
DA:102,2
DA:103,2
DA:106,2
DA:107,2
DA:108,2
DA:111,2
DA:113,2
DA:114,2
DA:130,1
DA:132,4
DA:133,0
DA:134,5
DA:135,2
DA:136,2
DA:137,3
DA:138,3
DA:140,0
DA:141,0
DA:142,0
DA:144,0
DA:145,0
DA:147,0
DA:149,0
DA:150,0
DA:151,0
DA:153,0
DA:154,0
DA:155,0
DA:156,0
DA:157,0
DA:164,0
DA:167,2
DA:168,3
DA:169,2
DA:174,2
DA:176,4
DA:177,4
DA:178,2
LF:86
LH:70
end_of_record
SF:lib/view/garden_create.dart
DA:14,0
DA:16,0
DA:17,0
DA:25,0
DA:27,0
DA:28,0
DA:29,0
DA:30,0
DA:32,0
DA:33,0
DA:34,0
DA:35,0
DA:40,0
DA:42,0
DA:43,0
DA:44,0
DA:45,0
DA:49,0
DA:52,0
DA:53,0
DA:54,0
DA:55,0
DA:56,0
DA:59,0
DA:62,0
DA:63,0
DA:64,0
DA:68,0
DA:71,0
DA:72,0
DA:73,0
DA:74,0
DA:75,0
DA:78,0
DA:81,0
DA:82,0
DA:83,0
DA:85,0
DA:86,0
DA:87,0
DA:88,0
DA:92,0
DA:94,0
DA:95,0
DA:96,0
DA:98,0
DA:99,0
DA:103,0
DA:104,0
DA:105,0
DA:108,0
DA:109,0
DA:110,0
DA:113,0
DA:115,0
DA:116,0
DA:132,0
DA:135,0
DA:136,0
DA:138,0
DA:139,0
DA:140,0
DA:142,0
DA:143,0
DA:145,0
DA:146,0
DA:147,0
DA:151,0
DA:152,0
DA:155,0
DA:157,0
DA:158,0
DA:159,0
LF:73
LH:0
end_of_record
SF:lib/view/plant_create.dart
DA:11,0
DA:13,0
DA:14,0
DA:25,0
DA:27,0
DA:28,0
DA:29,0
DA:30,0
DA:32,0
DA:33,0
DA:34,0
DA:37,0
DA:38,0
DA:39,0
DA:43,0
DA:45,0
DA:46,0
DA:47,0
DA:48,0
DA:50,0
DA:51,0
DA:53,0
DA:56,0
DA:57,0
DA:58,0
DA:60,0
DA:61,0
DA:63,0
DA:67,0
DA:68,0
DA:69,0
DA:71,0
DA:72,0
DA:74,0
DA:78,0
DA:80,0
DA:81,0
DA:83,0
DA:84,0
DA:86,0
DA:87,0
DA:88,0
DA:90,0
DA:91,0
DA:92,0
DA:98,0
DA:100,0
DA:101,0
DA:103,0
DA:104,0
DA:106,0
DA:107,0
DA:108,0
DA:110,0
DA:111,0
DA:112,0
DA:118,0
DA:120,0
DA:121,0
DA:122,0
DA:123,0
DA:124,0
DA:130,0
DA:131,0
DA:132,0
DA:133,0
DA:134,0
DA:136,0
DA:137,0
DA:149,0
DA:150,0
DA:151,0
DA:152,0
DA:153,0
DA:161,0
DA:164,0
DA:165,0
DA:166,0
DA:169,0
DA:170,0
DA:171,0
DA:174,0
DA:175,0
DA:176,0
DA:178,0
DA:180,0
DA:181,0
DA:182,0
DA:183,0
DA:184,0
DA:185,0
DA:186,0
DA:188,0
DA:190,0
DA:191,0
DA:194,0
DA:196,0
DA:197,0
DA:198,0
DA:199,0
DA:200,0
DA:201,0
LF:102
LH:0
end_of_record
SF:lib/view/garden_update.dart
DA:13,0
DA:15,0
DA:17,0
DA:18,0
DA:26,0
DA:28,0
DA:29,0
DA:30,0
DA:31,0
DA:34,0
DA:36,0
DA:37,0
DA:38,0
DA:40,0
DA:41,0
DA:42,0
DA:43,0
DA:48,0
DA:50,0
DA:51,0
DA:52,0
DA:53,0
DA:57,0
DA:60,0
DA:61,0
DA:62,0
DA:63,0
DA:64,0
DA:67,0
DA:70,0
DA:71,0
DA:72,0
DA:76,0
DA:79,0
DA:80,0
DA:81,0
DA:82,0
DA:83,0
DA:86,0
DA:89,0
DA:90,0
DA:91,0
DA:93,0
DA:94,0
DA:95,0
DA:96,0
DA:100,0
DA:101,0
DA:103,0
DA:104,0
DA:105,0
DA:108,0
DA:109,0
DA:110,0
DA:113,0
DA:115,0
DA:116,0
DA:132,0
DA:134,0
DA:135,0
DA:136,0
DA:137,0
DA:138,0
DA:141,0
DA:143,0
DA:144,0
DA:145,0
DA:146,0
DA:149,0
DA:151,0
DA:152,0
DA:153,0
LF:72
LH:0
end_of_record
SF:lib/view/tags_list.dart
DA:12,0
DA:14,0
DA:15,0
DA:20,0
DA:22,0
DA:23,0
DA:24,0
DA:25,0
DA:26,0
DA:30,0
DA:32,0
DA:33,0
DA:34,0
DA:36,0
DA:37,0
DA:38,0
DA:39,0
DA:40,0
DA:41,0
DA:42,0
DA:43,0
DA:44,0
DA:45,0
DA:46,0
DA:47,0
DA:48,0
DA:49,0
DA:50,0
DA:51,0
DA:53,0
DA:54,0
DA:55,0
DA:56,0
DA:58,0
DA:59,0
DA:60,0
DA:65,0
DA:66,0
DA:67,0
DA:68,0
DA:70,0
DA:78,0
DA:82,0
DA:84,0
DA:85,0
DA:86,0
DA:87,0
DA:89,0
DA:90,0
DA:91,0
DA:92,0
LF:51
LH:0
end_of_record
SF:lib/view/journal_create.dart
DA:13,0
DA:15,0
DA:16,0
DA:36,0
DA:38,0
DA:39,0
DA:40,0
DA:41,0
DA:43,0
DA:44,0
DA:45,0
DA:46,0
DA:51,0
DA:53,0
DA:55,0
DA:56,0
DA:57,0
DA:61,0
DA:64,0
DA:65,0
DA:66,0
DA:67,0
DA:68,0
DA:71,0
DA:74,0
DA:76,0
DA:77,0
DA:81,0
DA:84,0
DA:85,0
DA:86,0
DA:87,0
DA:88,0
DA:91,0
DA:94,0
DA:95,0
DA:96,0
DA:97,0
DA:100,0
DA:101,0
DA:103,0
DA:105,0
DA:108,0
DA:109,0
DA:110,0
DA:113,0
DA:114,0
DA:115,0
DA:116,0
DA:117,0
DA:120,0
DA:121,0
DA:122,0
DA:123,0
DA:127,0
DA:128,0
DA:130,0
DA:131,0
DA:132,0
DA:133,0
DA:134,0
DA:139,0
DA:141,0
DA:148,0
DA:149,0
DA:150,0
DA:151,0
DA:152,0
DA:153,0
DA:154,0
DA:160,0
DA:161,0
DA:162,0
DA:164,0
DA:165,0
DA:166,0
DA:167,0
DA:171,0
DA:172,0
DA:173,0
DA:174,0
DA:176,0
DA:177,0
DA:178,0
DA:183,0
DA:184,0
DA:185,0
DA:188,0
DA:189,0
DA:190,0
DA:193,0
DA:195,0
DA:196,0
DA:212,0
DA:213,0
DA:214,0
DA:217,0
DA:218,0
DA:223,0
DA:226,0
DA:227,0
DA:228,0
DA:229,0
DA:230,0
DA:231,0
DA:232,0
DA:233,0
DA:234,0
DA:235,0
DA:236,0
DA:238,0
DA:240,0
DA:241,0
DA:244,0
DA:246,0
DA:247,0
DA:248,0
LF:117
LH:0
end_of_record
SF:lib/view/journal_detail.dart
DA:18,0
DA:20,0
DA:22,0
DA:23,0
DA:24,0
DA:26,0
DA:27,0
DA:28,0
DA:29,0
DA:34,0
DA:35,0
DA:36,0
DA:37,0
DA:39,0
DA:40,0
DA:41,0
DA:42,0
DA:43,0
DA:44,0
DA:45,0
DA:47,0
DA:48,0
DA:49,0
DA:52,0
DA:61,0
DA:63,0
DA:64,0
DA:65,0
DA:67,0
DA:68,0
DA:71,0
DA:74,0
DA:76,0
DA:77,0
DA:79,0
DA:80,0
DA:81,0
DA:82,0
DA:84,0
DA:86,0
DA:87,0
DA:91,0
LF:42
LH:0
end_of_record
SF:lib/view/journal_update.dart
DA:13,0
DA:15,0
DA:16,0
DA:35,0
DA:37,0
DA:38,0
DA:39,0
DA:40,0
DA:41,0
DA:43,0
DA:45,0
DA:46,0
DA:49,0
DA:51,0
DA:52,0
DA:53,0
DA:55,0
DA:56,0
DA:57,0
DA:58,0
DA:72,0
DA:74,0
DA:75,0
DA:76,0
DA:77,0
DA:81,0
DA:84,0
DA:85,0
DA:86,0
DA:87,0
DA:88,0
DA:91,0
DA:94,0
DA:96,0
DA:97,0
DA:101,0
DA:104,0
DA:105,0
DA:106,0
DA:107,0
DA:108,0
DA:111,0
DA:114,0
DA:115,0
DA:116,0
DA:117,0
DA:120,0
DA:121,0
DA:123,0
DA:125,0
DA:128,0
DA:129,0
DA:130,0
DA:133,0
DA:134,0
DA:135,0
DA:136,0
DA:137,0
DA:140,0
DA:141,0
DA:142,0
DA:143,0
DA:147,0
DA:148,0
DA:150,0
DA:151,0
DA:152,0
DA:153,0
DA:154,0
DA:159,0
DA:161,0
DA:168,0
DA:169,0
DA:170,0
DA:171,0
DA:172,0
DA:173,0
DA:174,0
DA:180,0
DA:181,0
DA:182,0
DA:184,0
DA:185,0
DA:186,0
DA:187,0
DA:191,0
DA:192,0
DA:194,0
DA:195,0
DA:196,0
DA:199,0
DA:200,0
DA:201,0
DA:204,0
DA:206,0
DA:207,0
DA:223,0
DA:224,0
DA:225,0
DA:228,0
DA:229,0
DA:234,0
DA:236,0
DA:237,0
DA:238,0
DA:239,0
DA:240,0
DA:241,0
DA:242,0
DA:243,0
DA:246,0
DA:248,0
DA:249,0
DA:250,0
DA:251,0
DA:252,0
DA:253,0
DA:256,0
DA:258,0
DA:259,0
DA:260,0
DA:263,0
DA:265,0
DA:266,0
DA:267,0
LF:125
LH:0
end_of_record
SF:lib/view/plant_update.dart
DA:12,0
DA:14,0
DA:15,0
DA:26,0
DA:28,0
DA:29,0
DA:30,0
DA:31,0
DA:32,0
DA:33,0
DA:34,0
DA:35,0
DA:36,0
DA:37,0
DA:38,0
DA:41,0
DA:43,0
DA:44,0
DA:45,0
DA:47,0
DA:48,0
DA:49,0
DA:52,0
DA:53,0
DA:54,0
DA:58,0
DA:60,0
DA:61,0
DA:62,0
DA:63,0
DA:65,0
DA:67,0
DA:69,0
DA:72,0
DA:73,0
DA:74,0
DA:76,0
DA:78,0
DA:80,0
DA:83,0
DA:84,0
DA:85,0
DA:87,0
DA:89,0
DA:91,0
DA:94,0
DA:96,0
DA:97,0
DA:99,0
DA:100,0
DA:102,0
DA:103,0
DA:104,0
DA:106,0
DA:107,0
DA:108,0
DA:114,0
DA:116,0
DA:117,0
DA:119,0
DA:120,0
DA:122,0
DA:123,0
DA:124,0
DA:126,0
DA:127,0
DA:128,0
DA:134,0
DA:135,0
DA:138,0
DA:139,0
DA:140,0
DA:141,0
DA:142,0
DA:143,0
DA:144,0
DA:150,0
DA:151,0
DA:152,0
DA:154,0
DA:155,0
DA:156,0
DA:157,0
DA:161,0
DA:162,0
DA:164,0
DA:165,0
DA:166,0
DA:169,0
DA:170,0
DA:171,0
DA:174,0
DA:176,0
DA:177,0
DA:193,0
DA:194,0
DA:195,0
DA:196,0
DA:197,0
DA:205,0
DA:207,0
DA:208,0
DA:209,0
DA:210,0
DA:211,0
DA:212,0
DA:213,0
DA:214,0
DA:215,0
DA:216,0
DA:218,0
DA:220,0
DA:221,0
DA:222,0
DA:225,0
DA:227,0
DA:228,0
DA:229,0
DA:232,0
DA:234,0
DA:235,0
DA:236,0
DA:237,0
DA:238,0
DA:239,0
LF:125
LH:0
end_of_record
SF:lib/view/ws_create.dart
DA:11,0
DA:13,0
DA:14,0
DA:34,0
DA:36,0
DA:37,0
DA:38,0
DA:39,0
DA:41,0
DA:42,0
DA:43,0
DA:44,0
DA:49,0
DA:51,0
DA:52,0
DA:59,0
DA:60,0
DA:61,0
DA:62,0
DA:63,0
DA:64,0
DA:65,0
DA:70,0
DA:77,0
DA:78,0
DA:79,0
DA:80,0
DA:81,0
DA:82,0
DA:83,0
DA:88,0
DA:95,0
DA:96,0
DA:97,0
DA:98,0
DA:99,0
DA:100,0
DA:101,0
DA:106,0
DA:113,0
DA:114,0
DA:115,0
DA:116,0
DA:117,0
DA:118,0
DA:119,0
DA:124,0
DA:131,0
DA:132,0
DA:133,0
DA:134,0
DA:135,0
DA:136,0
DA:137,0
DA:142,0
DA:149,0
DA:150,0
DA:151,0
DA:152,0
DA:153,0
DA:154,0
DA:155,0
DA:160,0
DA:167,0
DA:168,0
DA:169,0
DA:170,0
DA:171,0
DA:172,0
DA:173,0
DA:178,0
DA:179,0
DA:180,0
DA:183,0
DA:184,0
DA:185,0
DA:186,0
DA:187,0
DA:190,0
DA:191,0
DA:192,0
DA:193,0
DA:197,0
DA:198,0
DA:200,0
DA:201,0
DA:202,0
DA:203,0
DA:204,0
DA:209,0
DA:212,0
DA:214,0
DA:215,0
DA:219,0
DA:222,0
DA:223,0
DA:224,0
DA:225,0
DA:226,0
DA:229,0
DA:232,0
DA:233,0
DA:234,0
DA:236,0
DA:237,0
DA:238,0
DA:239,0
DA:243,0
DA:244,0
DA:245,0
DA:246,0
DA:248,0
DA:249,0
DA:250,0
DA:255,0
DA:256,0
DA:257,0
DA:260,0
DA:261,0
DA:262,0
DA:265,0
DA:267,0
DA:268,0
DA:284,0
DA:286,0
DA:287,0
DA:288,0
DA:289,0
DA:290,0
DA:291,0
DA:292,0
DA:293,0
DA:294,0
DA:295,0
DA:296,0
DA:297,0
DA:298,0
DA:299,0
DA:300,0
DA:302,0
DA:304,0
DA:305,0
DA:308,0
DA:310,0
DA:311,0
LF:145
LH:0
end_of_record
SF:lib/view/ws_update.dart
DA:12,0
DA:13,0
DA:15,0
DA:16,0
DA:36,0
DA:38,0
DA:39,0
DA:40,0
DA:41,0
DA:42,0
DA:43,0
DA:44,0
DA:45,0
DA:46,0
DA:47,0
DA:50,0
DA:52,0
DA:53,0
DA:54,0
DA:55,0
DA:56,0
DA:58,0
DA:59,0
DA:60,0
DA:61,0
DA:75,0
DA:77,0
DA:78,0
DA:85,0
DA:86,0
DA:87,0
DA:88,0
DA:89,0
DA:90,0
DA:91,0
DA:96,0
DA:103,0
DA:104,0
DA:105,0
DA:106,0
DA:107,0
DA:108,0
DA:109,0
DA:114,0
DA:121,0
DA:122,0
DA:123,0
DA:124,0
DA:125,0
DA:126,0
DA:127,0
DA:132,0
DA:139,0
DA:140,0
DA:141,0
DA:142,0
DA:143,0
DA:144,0
DA:145,0
DA:150,0
DA:157,0
DA:158,0
DA:159,0
DA:160,0
DA:161,0
DA:162,0
DA:163,0
DA:168,0
DA:175,0
DA:176,0
DA:177,0
DA:178,0
DA:179,0
DA:180,0
DA:181,0
DA:186,0
DA:193,0
DA:194,0
DA:195,0
DA:196,0
DA:197,0
DA:198,0
DA:199,0
DA:204,0
DA:205,0
DA:206,0
DA:209,0
DA:210,0
DA:211,0
DA:212,0
DA:213,0
DA:216,0
DA:217,0
DA:218,0
DA:219,0
DA:223,0
DA:224,0
DA:226,0
DA:227,0
DA:228,0
DA:229,0
DA:230,0
DA:235,0
DA:238,0
DA:240,0
DA:241,0
DA:245,0
DA:248,0
DA:249,0
DA:250,0
DA:251,0
DA:252,0
DA:255,0
DA:258,0
DA:259,0
DA:260,0
DA:262,0
DA:263,0
DA:264,0
DA:265,0
DA:269,0
DA:270,0
DA:271,0
DA:272,0
DA:274,0
DA:275,0
DA:276,0
DA:281,0
DA:282,0
DA:283,0
DA:286,0
DA:287,0
DA:288,0
DA:291,0
DA:293,0
DA:294,0
DA:305,0
DA:306,0
DA:307,0
DA:309,0
DA:310,0
DA:311,0
DA:312,0
DA:316,0
DA:319,0
DA:320,0
DA:321,0
DA:322,0
DA:324,0
DA:326,0
DA:327,0
DA:328,0
DA:332,0
DA:333,0
DA:334,0
DA:337,0
DA:338,0
DA:339,0
DA:342,0
DA:344,0
DA:345,0
DA:361,0
DA:363,0
DA:364,0
DA:365,0
DA:366,0
DA:367,0
DA:368,0
DA:369,0
DA:370,0
DA:371,0
DA:372,0
DA:373,0
DA:374,0
DA:375,0
DA:376,0
DA:377,0
DA:378,0
DA:380,0
DA:382,0
DA:383,0
DA:386,0
DA:388,0
DA:389,0
LF:184
LH:0
end_of_record
SF:lib/view/tag_create.dart
DA:14,0
DA:16,0
DA:17,0
DA:23,0
DA:25,0
DA:26,0
DA:27,0
DA:28,0
DA:30,0
DA:31,0
DA:32,0
DA:33,0
DA:38,0
DA:40,0
DA:41,0
DA:42,0
DA:43,0
DA:47,0
DA:50,0
DA:51,0
DA:52,0
DA:53,0
DA:54,0
DA:57,0
DA:60,0
DA:61,0
DA:62,0
DA:64,0
DA:65,0
DA:66,0
DA:67,0
DA:71,0
DA:72,0
DA:73,0
DA:75,0
DA:76,0
DA:80,0
DA:81,0
DA:82,0
DA:85,0
DA:86,0
DA:87,0
DA:90,0
DA:92,0
DA:93,0
DA:109,0
DA:112,0
DA:113,0
DA:115,0
DA:118,0
DA:119,0
DA:120,0
DA:121,0
DA:124,0
DA:125,0
DA:126,0
DA:128,0
DA:130,0
DA:132,0
DA:133,0
DA:137,0
DA:138,0
DA:140,0
DA:143,0
DA:144,0
DA:147,0
DA:149,0
DA:150,0
LF:68
LH:0
end_of_record
SF:lib/view/tag_detail.dart
DA:18,0
DA:20,0
DA:22,0
DA:24,0
DA:25,0
DA:26,0
DA:28,0
DA:29,0
DA:30,0
DA:31,0
DA:36,0
DA:37,0
DA:38,0
DA:39,0
DA:40,0
DA:41,0
DA:42,0
DA:44,0
DA:45,0
DA:46,0
DA:47,0
DA:49,0
DA:50,0
DA:54,0
DA:55,0
DA:56,0
DA:58,0
DA:61,0
DA:62,0
DA:69,0
DA:71,0
DA:72,0
DA:74,0
DA:75,0
DA:76,0
DA:77,0
DA:78,0
DA:82,0
DA:83,0
DA:86,0
DA:88,0
DA:89,0
DA:90,0
DA:91,0
DA:93,0
DA:94,0
LF:46
LH:0
end_of_record
SF:lib/view/tag_update.dart
DA:10,0
DA:12,0
DA:13,0
DA:19,0
DA:21,0
DA:22,0
DA:25,0
DA:27,0
DA:28,0
DA:29,0
DA:31,0
DA:32,0
DA:33,0
DA:34,0
DA:39,0
DA:41,0
DA:42,0
DA:43,0
DA:44,0
DA:48,0
DA:51,0
DA:52,0
DA:53,0
DA:54,0
DA:55,0
DA:58,0
DA:61,0
DA:62,0
DA:63,0
DA:65,0
DA:66,0
DA:67,0
DA:68,0
DA:72,0
DA:73,0
DA:75,0
DA:76,0
DA:77,0
DA:80,0
DA:81,0
DA:82,0
DA:85,0
DA:87,0
DA:88,0
DA:104,0
DA:106,0
DA:107,0
DA:108,0
DA:109,0
DA:111,0
DA:113,0
DA:114,0
DA:115,0
DA:116,0
DA:119,0
DA:121,0
DA:122,0
DA:123,0
LF:58
LH:0
end_of_record
